{"level":"info","message":"[mb:2525] mountebank v1.11.0 now taking orders - point your browser to http://localhost:2525 for help","timestamp":"2017-06-30T16:39:18.226Z"}
{"level":"info","message":"[mb:2525] POST /imposters/","timestamp":"2017-06-30T16:39:35.701Z"}
{"level":"info","message":"[http:4545] Open for business...","timestamp":"2017-06-30T16:39:35.745Z"}
{"level":"info","message":"[http:4545] ::1:62010 => GET /categories","timestamp":"2017-06-30T16:39:35.860Z"}
{"level":"info","message":"[mb:2525] POST /imposters/","timestamp":"2017-06-30T16:40:51.155Z"}
{"level":"warn","message":"[mb:2525] error creating imposter: {\"code\":\"resource conflict\",\"message\":\"Port 4545 is already in use\",\"name\":\"Error\",\"stack\":\"Error\\n    at Object.from (/Users/wdsand/.config/yarn/global/node_modules/mountebank/src/util/inherit.js:15:17)\\n    at createError (/Users/wdsand/.config/yarn/global/node_modules/mountebank/src/util/errors.js:10:26)\\n    at Object.ResourceConflictError (/Users/wdsand/.config/yarn/global/node_modules/mountebank/src/util/errors.js:25:16)\\n    at Domain.errorHandler (/Users/wdsand/.config/yarn/global/node_modules/mountebank/src/models/imposter.js:16:36)\\n    at emitOne (events.js:96:13)\\n    at Domain.emit (events.js:188:7)\\n    at Server.emit (events.js:158:14)\\n    at emitErrorNT (net.js:1277:8)\\n    at _combinedTickCallback (internal/process/next_tick.js:80:11)\\n    at process._tickDomainCallback (internal/process/next_tick.js:128:9)\"}","timestamp":"2017-06-30T16:40:51.162Z"}
{"level":"info","message":"[http:4545] ::1:62020 => GET /categories","timestamp":"2017-06-30T16:40:51.342Z"}
{"level":"info","message":"[http:4545] ::1:62021 => GET /categories","timestamp":"2017-06-30T16:40:51.350Z"}
{"level":"info","message":"[http:4545] ::1:62022 => GET /genres","timestamp":"2017-06-30T16:40:51.407Z"}
{"level":"info","message":"[http:4545] ::1:62023 => GET /genres","timestamp":"2017-06-30T16:40:51.410Z"}
{"level":"info","message":"[http:4545] ::1:62024 => GET /genres","timestamp":"2017-06-30T16:40:51.413Z"}
{"level":"info","message":"[http:4545] ::1:62025 => GET /songs","timestamp":"2017-06-30T16:40:51.416Z"}
{"level":"info","message":"[mb:2525] POST /imposters/","timestamp":"2017-06-30T16:42:31.746Z"}
{"level":"warn","message":"[mb:2525] error creating imposter: {\"code\":\"resource conflict\",\"message\":\"Port 4545 is already in use\",\"name\":\"Error\",\"stack\":\"Error\\n    at Object.from (/Users/wdsand/.config/yarn/global/node_modules/mountebank/src/util/inherit.js:15:17)\\n    at createError (/Users/wdsand/.config/yarn/global/node_modules/mountebank/src/util/errors.js:10:26)\\n    at Object.ResourceConflictError (/Users/wdsand/.config/yarn/global/node_modules/mountebank/src/util/errors.js:25:16)\\n    at Domain.errorHandler (/Users/wdsand/.config/yarn/global/node_modules/mountebank/src/models/imposter.js:16:36)\\n    at emitOne (events.js:96:13)\\n    at Domain.emit (events.js:188:7)\\n    at Server.emit (events.js:158:14)\\n    at emitErrorNT (net.js:1277:8)\\n    at _combinedTickCallback (internal/process/next_tick.js:80:11)\\n    at process._tickDomainCallback (internal/process/next_tick.js:128:9)\"}","timestamp":"2017-06-30T16:42:31.755Z"}
{"level":"info","message":"[http:4545] ::1:62059 => GET /categories","timestamp":"2017-06-30T16:42:31.897Z"}
{"level":"info","message":"[http:4545] ::1:62060 => GET /genres","timestamp":"2017-06-30T16:42:31.918Z"}
{"level":"info","message":"[mb:2525] POST /imposters/","timestamp":"2017-06-30T16:44:00.256Z"}
{"level":"warn","message":"[mb:2525] error creating imposter: {\"code\":\"resource conflict\",\"message\":\"Port 4545 is already in use\",\"name\":\"Error\",\"stack\":\"Error\\n    at Object.from (/Users/wdsand/.config/yarn/global/node_modules/mountebank/src/util/inherit.js:15:17)\\n    at createError (/Users/wdsand/.config/yarn/global/node_modules/mountebank/src/util/errors.js:10:26)\\n    at Object.ResourceConflictError (/Users/wdsand/.config/yarn/global/node_modules/mountebank/src/util/errors.js:25:16)\\n    at Domain.errorHandler (/Users/wdsand/.config/yarn/global/node_modules/mountebank/src/models/imposter.js:16:36)\\n    at emitOne (events.js:96:13)\\n    at Domain.emit (events.js:188:7)\\n    at Server.emit (events.js:158:14)\\n    at emitErrorNT (net.js:1277:8)\\n    at _combinedTickCallback (internal/process/next_tick.js:80:11)\\n    at process._tickDomainCallback (internal/process/next_tick.js:128:9)\"}","timestamp":"2017-06-30T16:44:00.273Z"}
{"level":"info","message":"[http:4545] ::1:62084 => GET /categories","timestamp":"2017-06-30T16:44:00.425Z"}
{"level":"info","message":"[http:4545] ::1:62085 => GET /genres","timestamp":"2017-06-30T16:44:00.447Z"}
{"level":"info","message":"[http:4545] ::1:62086 => GET /songs","timestamp":"2017-06-30T16:44:00.467Z"}
{"level":"info","message":"[mb:2525] POST /imposters/","timestamp":"2017-06-30T16:44:19.741Z"}
{"level":"warn","message":"[mb:2525] error creating imposter: {\"code\":\"resource conflict\",\"message\":\"Port 4545 is already in use\",\"name\":\"Error\",\"stack\":\"Error\\n    at Object.from (/Users/wdsand/.config/yarn/global/node_modules/mountebank/src/util/inherit.js:15:17)\\n    at createError (/Users/wdsand/.config/yarn/global/node_modules/mountebank/src/util/errors.js:10:26)\\n    at Object.ResourceConflictError (/Users/wdsand/.config/yarn/global/node_modules/mountebank/src/util/errors.js:25:16)\\n    at Domain.errorHandler (/Users/wdsand/.config/yarn/global/node_modules/mountebank/src/models/imposter.js:16:36)\\n    at emitOne (events.js:96:13)\\n    at Domain.emit (events.js:188:7)\\n    at Server.emit (events.js:158:14)\\n    at emitErrorNT (net.js:1277:8)\\n    at _combinedTickCallback (internal/process/next_tick.js:80:11)\\n    at process._tickDomainCallback (internal/process/next_tick.js:128:9)\"}","timestamp":"2017-06-30T16:44:19.744Z"}
{"level":"info","message":"[http:4545] ::1:62090 => GET /categories","timestamp":"2017-06-30T16:44:19.937Z"}
{"level":"info","message":"[http:4545] ::1:62091 => GET /categories","timestamp":"2017-06-30T16:44:19.948Z"}
{"level":"info","message":"[http:4545] ::1:62092 => GET /genres","timestamp":"2017-06-30T16:44:19.965Z"}
{"level":"info","message":"[http:4545] ::1:62093 => GET /songs","timestamp":"2017-06-30T16:44:19.986Z"}
{"level":"info","message":"[http:4545] ::1:62094 => GET /categories","timestamp":"2017-06-30T16:44:20.027Z"}
{"level":"info","message":"[http:4545] ::1:62096 => GET /songs","timestamp":"2017-06-30T16:44:20.032Z"}
{"level":"info","message":"[http:4545] ::1:62095 => GET /genres","timestamp":"2017-06-30T16:44:20.034Z"}
{"level":"info","message":"[http:4545] ::1:62097 => GET /songs","timestamp":"2017-06-30T16:44:20.087Z"}
{"level":"info","message":"[http:4545] ::1:62098 => GET /genres","timestamp":"2017-06-30T16:44:20.125Z"}
{"level":"info","message":"[http:4545] ::1:62099 => GET /genres","timestamp":"2017-06-30T16:44:20.127Z"}
{"level":"info","message":"[http:4545] ::1:62100 => GET /genres","timestamp":"2017-06-30T16:44:20.132Z"}
{"level":"info","message":"[http:4545] ::1:62101 => GET /songs","timestamp":"2017-06-30T16:44:20.134Z"}
{"level":"info","message":"[http:4545] ::1:62102 => GET /categories","timestamp":"2017-06-30T16:44:20.175Z"}
{"level":"info","message":"[http:4545] ::1:62103 => GET /categories","timestamp":"2017-06-30T16:44:20.177Z"}
{"level":"info","message":"[http:4545] ::1:62104 => GET /categories","timestamp":"2017-06-30T16:44:20.185Z"}
{"level":"info","message":"[mb:2525] POST /imposters/","timestamp":"2017-06-30T16:44:34.450Z"}
{"level":"warn","message":"[mb:2525] error creating imposter: {\"code\":\"resource conflict\",\"message\":\"Port 4545 is already in use\",\"name\":\"Error\",\"stack\":\"Error\\n    at Object.from (/Users/wdsand/.config/yarn/global/node_modules/mountebank/src/util/inherit.js:15:17)\\n    at createError (/Users/wdsand/.config/yarn/global/node_modules/mountebank/src/util/errors.js:10:26)\\n    at Object.ResourceConflictError (/Users/wdsand/.config/yarn/global/node_modules/mountebank/src/util/errors.js:25:16)\\n    at Domain.errorHandler (/Users/wdsand/.config/yarn/global/node_modules/mountebank/src/models/imposter.js:16:36)\\n    at emitOne (events.js:96:13)\\n    at Domain.emit (events.js:188:7)\\n    at Server.emit (events.js:158:14)\\n    at emitErrorNT (net.js:1277:8)\\n    at _combinedTickCallback (internal/process/next_tick.js:80:11)\\n    at process._tickDomainCallback (internal/process/next_tick.js:128:9)\"}","timestamp":"2017-06-30T16:44:34.455Z"}
{"level":"info","message":"[mb:2525] POST /imposters/","timestamp":"2017-06-30T16:51:38.633Z"}
{"level":"warn","message":"[mb:2525] error creating imposter: {\"code\":\"resource conflict\",\"message\":\"Port 4545 is already in use\",\"name\":\"Error\",\"stack\":\"Error\\n    at Object.from (/Users/wdsand/.config/yarn/global/node_modules/mountebank/src/util/inherit.js:15:17)\\n    at createError (/Users/wdsand/.config/yarn/global/node_modules/mountebank/src/util/errors.js:10:26)\\n    at Object.ResourceConflictError (/Users/wdsand/.config/yarn/global/node_modules/mountebank/src/util/errors.js:25:16)\\n    at Domain.errorHandler (/Users/wdsand/.config/yarn/global/node_modules/mountebank/src/models/imposter.js:16:36)\\n    at emitOne (events.js:96:13)\\n    at Domain.emit (events.js:188:7)\\n    at Server.emit (events.js:158:14)\\n    at emitErrorNT (net.js:1277:8)\\n    at _combinedTickCallback (internal/process/next_tick.js:80:11)\\n    at process._tickDomainCallback (internal/process/next_tick.js:128:9)\"}","timestamp":"2017-06-30T16:51:38.636Z"}
{"level":"info","message":"[mb:2525] POST /imposters/","timestamp":"2017-06-30T16:59:56.878Z"}
{"level":"warn","message":"[mb:2525] error creating imposter: {\"code\":\"resource conflict\",\"message\":\"Port 4545 is already in use\",\"name\":\"Error\",\"stack\":\"Error\\n    at Object.from (/Users/wdsand/.config/yarn/global/node_modules/mountebank/src/util/inherit.js:15:17)\\n    at createError (/Users/wdsand/.config/yarn/global/node_modules/mountebank/src/util/errors.js:10:26)\\n    at Object.ResourceConflictError (/Users/wdsand/.config/yarn/global/node_modules/mountebank/src/util/errors.js:25:16)\\n    at Domain.errorHandler (/Users/wdsand/.config/yarn/global/node_modules/mountebank/src/models/imposter.js:16:36)\\n    at emitOne (events.js:96:13)\\n    at Domain.emit (events.js:188:7)\\n    at Server.emit (events.js:158:14)\\n    at emitErrorNT (net.js:1277:8)\\n    at _combinedTickCallback (internal/process/next_tick.js:80:11)\\n    at process._tickDomainCallback (internal/process/next_tick.js:128:9)\"}","timestamp":"2017-06-30T16:59:56.883Z"}
{"level":"info","message":"[mb:2525] POST /imposters/","timestamp":"2017-07-03T14:23:08.666Z"}
{"level":"warn","message":"[mb:2525] error creating imposter: {\"code\":\"resource conflict\",\"message\":\"Port 4545 is already in use\",\"name\":\"Error\",\"stack\":\"Error\\n    at Object.from (/Users/wdsand/.config/yarn/global/node_modules/mountebank/src/util/inherit.js:15:17)\\n    at createError (/Users/wdsand/.config/yarn/global/node_modules/mountebank/src/util/errors.js:10:26)\\n    at Object.ResourceConflictError (/Users/wdsand/.config/yarn/global/node_modules/mountebank/src/util/errors.js:25:16)\\n    at Domain.errorHandler (/Users/wdsand/.config/yarn/global/node_modules/mountebank/src/models/imposter.js:16:36)\\n    at emitOne (events.js:96:13)\\n    at Domain.emit (events.js:188:7)\\n    at Server.emit (events.js:158:14)\\n    at emitErrorNT (net.js:1277:8)\\n    at _combinedTickCallback (internal/process/next_tick.js:80:11)\\n    at process._tickDomainCallback (internal/process/next_tick.js:128:9)\"}","timestamp":"2017-07-03T14:23:08.676Z"}
{"level":"info","message":"[http:4545] ::1:63848 => GET /categories","timestamp":"2017-07-03T14:23:16.799Z"}
{"level":"info","message":"[mb:2525] POST /imposters/","timestamp":"2017-07-03T14:24:46.687Z"}
{"level":"warn","message":"[mb:2525] error creating imposter: {\"code\":\"resource conflict\",\"message\":\"Port 4545 is already in use\",\"name\":\"Error\",\"stack\":\"Error\\n    at Object.from (/Users/wdsand/.config/yarn/global/node_modules/mountebank/src/util/inherit.js:15:17)\\n    at createError (/Users/wdsand/.config/yarn/global/node_modules/mountebank/src/util/errors.js:10:26)\\n    at Object.ResourceConflictError (/Users/wdsand/.config/yarn/global/node_modules/mountebank/src/util/errors.js:25:16)\\n    at Domain.errorHandler (/Users/wdsand/.config/yarn/global/node_modules/mountebank/src/models/imposter.js:16:36)\\n    at emitOne (events.js:96:13)\\n    at Domain.emit (events.js:188:7)\\n    at Server.emit (events.js:158:14)\\n    at emitErrorNT (net.js:1277:8)\\n    at _combinedTickCallback (internal/process/next_tick.js:80:11)\\n    at process._tickDomainCallback (internal/process/next_tick.js:128:9)\"}","timestamp":"2017-07-03T14:24:46.692Z"}
{"level":"info","message":"[http:4545] ::1:63858 => GET /categories","timestamp":"2017-07-03T14:24:46.866Z"}
{"level":"info","message":"[http:4545] ::1:63859 => GET /categories","timestamp":"2017-07-03T14:24:46.867Z"}
{"level":"info","message":"[http:4545] ::1:63860 => GET /genres","timestamp":"2017-07-03T14:24:46.869Z"}
{"level":"info","message":"[http:4545] ::1:63861 => GET /categories","timestamp":"2017-07-03T14:24:46.870Z"}
{"level":"info","message":"[http:4545] ::1:63862 => GET /genres","timestamp":"2017-07-03T14:24:46.888Z"}
{"level":"info","message":"[http:4545] ::1:63863 => GET /songs","timestamp":"2017-07-03T14:24:46.906Z"}
{"level":"info","message":"[http:4545] ::1:63864 => GET /categories","timestamp":"2017-07-03T14:24:46.950Z"}
{"level":"info","message":"[http:4545] ::1:63865 => GET /genres","timestamp":"2017-07-03T14:24:46.952Z"}
{"level":"info","message":"[http:4545] ::1:63866 => GET /songs","timestamp":"2017-07-03T14:24:46.954Z"}
{"level":"info","message":"[http:4545] ::1:63867 => GET /songs","timestamp":"2017-07-03T14:24:47.002Z"}
{"level":"info","message":"[http:4545] ::1:63868 => GET /genres","timestamp":"2017-07-03T14:24:47.004Z"}
{"level":"info","message":"[http:4545] ::1:63869 => GET /genres","timestamp":"2017-07-03T14:24:47.219Z"}
{"level":"info","message":"[http:4545] ::1:63870 => GET /genres","timestamp":"2017-07-03T14:24:47.221Z"}
{"level":"info","message":"[http:4545] ::1:63871 => GET /genres","timestamp":"2017-07-03T14:24:47.224Z"}
{"level":"info","message":"[http:4545] ::1:63872 => GET /songs","timestamp":"2017-07-03T14:24:47.226Z"}
{"level":"info","message":"[http:4545] ::1:63873 => GET /genres","timestamp":"2017-07-03T14:24:47.247Z"}
{"level":"info","message":"[http:4545] ::1:63875 => GET /categories","timestamp":"2017-07-03T14:24:47.251Z"}
{"level":"info","message":"[http:4545] ::1:63874 => GET /genres","timestamp":"2017-07-03T14:24:47.252Z"}
{"level":"info","message":"[mb:2525] POST /imposters/","timestamp":"2017-07-03T14:35:44.775Z"}
{"level":"warn","message":"[mb:2525] error creating imposter: {\"code\":\"resource conflict\",\"message\":\"Port 4545 is already in use\",\"name\":\"Error\",\"stack\":\"Error\\n    at Object.from (/Users/wdsand/.config/yarn/global/node_modules/mountebank/src/util/inherit.js:15:17)\\n    at createError (/Users/wdsand/.config/yarn/global/node_modules/mountebank/src/util/errors.js:10:26)\\n    at Object.ResourceConflictError (/Users/wdsand/.config/yarn/global/node_modules/mountebank/src/util/errors.js:25:16)\\n    at Domain.errorHandler (/Users/wdsand/.config/yarn/global/node_modules/mountebank/src/models/imposter.js:16:36)\\n    at emitOne (events.js:96:13)\\n    at Domain.emit (events.js:188:7)\\n    at Server.emit (events.js:158:14)\\n    at emitErrorNT (net.js:1277:8)\\n    at _combinedTickCallback (internal/process/next_tick.js:80:11)\\n    at process._tickDomainCallback (internal/process/next_tick.js:128:9)\"}","timestamp":"2017-07-03T14:35:44.780Z"}
{"level":"info","message":"[mb:2525] POST /imposters/","timestamp":"2017-07-03T14:36:30.310Z"}
{"level":"warn","message":"[mb:2525] error creating imposter: {\"code\":\"resource conflict\",\"message\":\"Port 4545 is already in use\",\"name\":\"Error\",\"stack\":\"Error\\n    at Object.from (/Users/wdsand/.config/yarn/global/node_modules/mountebank/src/util/inherit.js:15:17)\\n    at createError (/Users/wdsand/.config/yarn/global/node_modules/mountebank/src/util/errors.js:10:26)\\n    at Object.ResourceConflictError (/Users/wdsand/.config/yarn/global/node_modules/mountebank/src/util/errors.js:25:16)\\n    at Domain.errorHandler (/Users/wdsand/.config/yarn/global/node_modules/mountebank/src/models/imposter.js:16:36)\\n    at emitOne (events.js:96:13)\\n    at Domain.emit (events.js:188:7)\\n    at Server.emit (events.js:158:14)\\n    at emitErrorNT (net.js:1277:8)\\n    at _combinedTickCallback (internal/process/next_tick.js:80:11)\\n    at process._tickDomainCallback (internal/process/next_tick.js:128:9)\"}","timestamp":"2017-07-03T14:36:30.314Z"}
{"level":"info","message":"[http:4545] ::1:63947 => GET /categories","timestamp":"2017-07-03T14:36:30.463Z"}
{"level":"info","message":"[http:4545] ::1:63948 => GET /categories","timestamp":"2017-07-03T14:36:30.465Z"}
{"level":"info","message":"[mb:2525] POST /imposters/","timestamp":"2017-07-03T14:38:59.166Z"}
{"level":"warn","message":"[mb:2525] error creating imposter: {\"code\":\"resource conflict\",\"message\":\"Port 4545 is already in use\",\"name\":\"Error\",\"stack\":\"Error\\n    at Object.from (/Users/wdsand/.config/yarn/global/node_modules/mountebank/src/util/inherit.js:15:17)\\n    at createError (/Users/wdsand/.config/yarn/global/node_modules/mountebank/src/util/errors.js:10:26)\\n    at Object.ResourceConflictError (/Users/wdsand/.config/yarn/global/node_modules/mountebank/src/util/errors.js:25:16)\\n    at Domain.errorHandler (/Users/wdsand/.config/yarn/global/node_modules/mountebank/src/models/imposter.js:16:36)\\n    at emitOne (events.js:96:13)\\n    at Domain.emit (events.js:188:7)\\n    at Server.emit (events.js:158:14)\\n    at emitErrorNT (net.js:1277:8)\\n    at _combinedTickCallback (internal/process/next_tick.js:80:11)\\n    at process._tickDomainCallback (internal/process/next_tick.js:128:9)\"}","timestamp":"2017-07-03T14:38:59.170Z"}
{"level":"info","message":"[http:4545] ::1:63956 => GET /categories","timestamp":"2017-07-03T14:38:59.344Z"}
{"level":"info","message":"[http:4545] ::1:63957 => GET /categories","timestamp":"2017-07-03T14:38:59.347Z"}
{"level":"info","message":"[http:4545] ::1:63958 => GET /genres","timestamp":"2017-07-03T14:38:59.348Z"}
{"level":"info","message":"[http:4545] ::1:63959 => GET /categories","timestamp":"2017-07-03T14:38:59.349Z"}
{"level":"info","message":"[http:4545] ::1:63960 => GET /genres","timestamp":"2017-07-03T14:38:59.366Z"}
{"level":"info","message":"[http:4545] ::1:63961 => GET /songs","timestamp":"2017-07-03T14:38:59.393Z"}
{"level":"info","message":"[http:4545] ::1:63962 => GET /categories","timestamp":"2017-07-03T14:38:59.427Z"}
{"level":"info","message":"[http:4545] ::1:63963 => GET /genres","timestamp":"2017-07-03T14:38:59.429Z"}
{"level":"info","message":"[http:4545] ::1:63964 => GET /songs","timestamp":"2017-07-03T14:38:59.432Z"}
{"level":"info","message":"[http:4545] ::1:63965 => GET /songs","timestamp":"2017-07-03T14:38:59.477Z"}
{"level":"info","message":"[http:4545] ::1:63966 => GET /genres","timestamp":"2017-07-03T14:38:59.481Z"}
{"level":"info","message":"[http:4545] ::1:63967 => GET /genres","timestamp":"2017-07-03T14:38:59.484Z"}
{"level":"info","message":"[http:4545] ::1:63968 => GET /genres","timestamp":"2017-07-03T14:38:59.487Z"}
{"level":"info","message":"[http:4545] ::1:63969 => GET /genres","timestamp":"2017-07-03T14:38:59.517Z"}
{"level":"info","message":"[http:4545] ::1:63970 => GET /songs","timestamp":"2017-07-03T14:38:59.520Z"}
{"level":"info","message":"[http:4545] ::1:63971 => GET /genres","timestamp":"2017-07-03T14:38:59.522Z"}
{"level":"info","message":"[http:4545] ::1:63972 => GET /genres","timestamp":"2017-07-03T14:38:59.524Z"}
{"level":"info","message":"[mb:2525] POST /imposters/","timestamp":"2017-07-03T14:40:13.571Z"}
{"level":"warn","message":"[mb:2525] error creating imposter: {\"code\":\"resource conflict\",\"message\":\"Port 4545 is already in use\",\"name\":\"Error\",\"stack\":\"Error\\n    at Object.from (/Users/wdsand/.config/yarn/global/node_modules/mountebank/src/util/inherit.js:15:17)\\n    at createError (/Users/wdsand/.config/yarn/global/node_modules/mountebank/src/util/errors.js:10:26)\\n    at Object.ResourceConflictError (/Users/wdsand/.config/yarn/global/node_modules/mountebank/src/util/errors.js:25:16)\\n    at Domain.errorHandler (/Users/wdsand/.config/yarn/global/node_modules/mountebank/src/models/imposter.js:16:36)\\n    at emitOne (events.js:96:13)\\n    at Domain.emit (events.js:188:7)\\n    at Server.emit (events.js:158:14)\\n    at emitErrorNT (net.js:1277:8)\\n    at _combinedTickCallback (internal/process/next_tick.js:80:11)\\n    at process._tickDomainCallback (internal/process/next_tick.js:128:9)\"}","timestamp":"2017-07-03T14:40:13.576Z"}
{"level":"info","message":"[http:4545] ::1:63981 => GET /categories","timestamp":"2017-07-03T14:40:13.723Z"}
{"level":"info","message":"[http:4545] ::1:63982 => GET /categories","timestamp":"2017-07-03T14:40:13.751Z"}
{"level":"info","message":"[http:4545] ::1:63983 => GET /categories","timestamp":"2017-07-03T14:40:13.753Z"}
{"level":"info","message":"[http:4545] ::1:63984 => GET /categories","timestamp":"2017-07-03T14:40:13.755Z"}
{"level":"info","message":"[mb:2525] POST /imposters/","timestamp":"2017-07-03T14:41:00.583Z"}
{"level":"warn","message":"[mb:2525] error creating imposter: {\"code\":\"resource conflict\",\"message\":\"Port 4545 is already in use\",\"name\":\"Error\",\"stack\":\"Error\\n    at Object.from (/Users/wdsand/.config/yarn/global/node_modules/mountebank/src/util/inherit.js:15:17)\\n    at createError (/Users/wdsand/.config/yarn/global/node_modules/mountebank/src/util/errors.js:10:26)\\n    at Object.ResourceConflictError (/Users/wdsand/.config/yarn/global/node_modules/mountebank/src/util/errors.js:25:16)\\n    at Domain.errorHandler (/Users/wdsand/.config/yarn/global/node_modules/mountebank/src/models/imposter.js:16:36)\\n    at emitOne (events.js:96:13)\\n    at Domain.emit (events.js:188:7)\\n    at Server.emit (events.js:158:14)\\n    at emitErrorNT (net.js:1277:8)\\n    at _combinedTickCallback (internal/process/next_tick.js:80:11)\\n    at process._tickDomainCallback (internal/process/next_tick.js:128:9)\"}","timestamp":"2017-07-03T14:41:00.587Z"}
{"level":"info","message":"[http:4545] ::1:63988 => GET /categories","timestamp":"2017-07-03T14:41:00.752Z"}
{"level":"info","message":"[http:4545] ::1:63989 => GET /categories","timestamp":"2017-07-03T14:41:00.754Z"}
{"level":"info","message":"[http:4545] ::1:63990 => GET /genres","timestamp":"2017-07-03T14:41:00.757Z"}
{"level":"info","message":"[http:4545] ::1:63991 => GET /categories","timestamp":"2017-07-03T14:41:00.760Z"}
{"level":"info","message":"[http:4545] ::1:63992 => GET /genres","timestamp":"2017-07-03T14:41:00.772Z"}
{"level":"info","message":"[http:4545] ::1:63993 => GET /songs","timestamp":"2017-07-03T14:41:00.797Z"}
{"level":"info","message":"[http:4545] ::1:63994 => GET /categories","timestamp":"2017-07-03T14:41:00.839Z"}
{"level":"info","message":"[http:4545] ::1:63995 => GET /genres","timestamp":"2017-07-03T14:41:00.844Z"}
{"level":"info","message":"[http:4545] ::1:63996 => GET /songs","timestamp":"2017-07-03T14:41:00.846Z"}
{"level":"info","message":"[mb:2525] POST /imposters/","timestamp":"2017-07-03T14:42:26.647Z"}
{"level":"warn","message":"[mb:2525] error creating imposter: {\"code\":\"resource conflict\",\"message\":\"Port 4545 is already in use\",\"name\":\"Error\",\"stack\":\"Error\\n    at Object.from (/Users/wdsand/.config/yarn/global/node_modules/mountebank/src/util/inherit.js:15:17)\\n    at createError (/Users/wdsand/.config/yarn/global/node_modules/mountebank/src/util/errors.js:10:26)\\n    at Object.ResourceConflictError (/Users/wdsand/.config/yarn/global/node_modules/mountebank/src/util/errors.js:25:16)\\n    at Domain.errorHandler (/Users/wdsand/.config/yarn/global/node_modules/mountebank/src/models/imposter.js:16:36)\\n    at emitOne (events.js:96:13)\\n    at Domain.emit (events.js:188:7)\\n    at Server.emit (events.js:158:14)\\n    at emitErrorNT (net.js:1277:8)\\n    at _combinedTickCallback (internal/process/next_tick.js:80:11)\\n    at process._tickDomainCallback (internal/process/next_tick.js:128:9)\"}","timestamp":"2017-07-03T14:42:26.652Z"}
{"level":"info","message":"[http:4545] ::1:64005 => GET /categories","timestamp":"2017-07-03T14:42:26.840Z"}
{"level":"info","message":"[http:4545] ::1:64006 => GET /categories","timestamp":"2017-07-03T14:42:26.842Z"}
{"level":"info","message":"[http:4545] ::1:64007 => GET /genres","timestamp":"2017-07-03T14:42:26.845Z"}
{"level":"info","message":"[http:4545] ::1:64008 => GET /categories","timestamp":"2017-07-03T14:42:26.847Z"}
{"level":"info","message":"[http:4545] ::1:64009 => GET /genres","timestamp":"2017-07-03T14:42:26.862Z"}
{"level":"info","message":"[http:4545] ::1:64010 => GET /songs","timestamp":"2017-07-03T14:42:26.873Z"}
{"level":"info","message":"[http:4545] ::1:64011 => GET /categories","timestamp":"2017-07-03T14:42:26.916Z"}
{"level":"info","message":"[http:4545] ::1:64012 => GET /genres","timestamp":"2017-07-03T14:42:26.917Z"}
{"level":"info","message":"[http:4545] ::1:64013 => GET /songs","timestamp":"2017-07-03T14:42:26.919Z"}
{"level":"info","message":"[http:4545] ::1:64014 => GET /songs","timestamp":"2017-07-03T14:42:26.951Z"}
{"level":"info","message":"[http:4545] ::1:64015 => GET /genres","timestamp":"2017-07-03T14:42:26.954Z"}
{"level":"info","message":"[http:4545] ::1:64016 => GET /genres","timestamp":"2017-07-03T14:42:26.985Z"}
{"level":"info","message":"[http:4545] ::1:64017 => GET /genres","timestamp":"2017-07-03T14:42:26.987Z"}
{"level":"info","message":"[http:4545] ::1:64018 => GET /genres","timestamp":"2017-07-03T14:42:26.988Z"}
{"level":"info","message":"[http:4545] ::1:64019 => GET /songs","timestamp":"2017-07-03T14:42:26.991Z"}
{"level":"info","message":"[http:4545] ::1:64020 => GET /genres","timestamp":"2017-07-03T14:42:27.019Z"}
{"level":"info","message":"[http:4545] ::1:64021 => GET /genres","timestamp":"2017-07-03T14:42:27.020Z"}
{"level":"info","message":"[http:4545] ::1:64022 => GET /categories","timestamp":"2017-07-03T14:42:27.022Z"}
{"level":"info","message":"[http:4545] ::1:64023 => GET /categories","timestamp":"2017-07-03T14:42:27.024Z"}
{"level":"info","message":"[http:4545] ::1:64024 => GET /categories","timestamp":"2017-07-03T14:42:27.042Z"}
{"level":"info","message":"[http:4545] ::1:64025 => GET /categories","timestamp":"2017-07-03T14:42:27.046Z"}
{"level":"info","message":"[mb:2525] POST /imposters/","timestamp":"2017-07-03T14:42:41.624Z"}
{"level":"warn","message":"[mb:2525] error creating imposter: {\"code\":\"resource conflict\",\"message\":\"Port 4545 is already in use\",\"name\":\"Error\",\"stack\":\"Error\\n    at Object.from (/Users/wdsand/.config/yarn/global/node_modules/mountebank/src/util/inherit.js:15:17)\\n    at createError (/Users/wdsand/.config/yarn/global/node_modules/mountebank/src/util/errors.js:10:26)\\n    at Object.ResourceConflictError (/Users/wdsand/.config/yarn/global/node_modules/mountebank/src/util/errors.js:25:16)\\n    at Domain.errorHandler (/Users/wdsand/.config/yarn/global/node_modules/mountebank/src/models/imposter.js:16:36)\\n    at emitOne (events.js:96:13)\\n    at Domain.emit (events.js:188:7)\\n    at Server.emit (events.js:158:14)\\n    at emitErrorNT (net.js:1277:8)\\n    at _combinedTickCallback (internal/process/next_tick.js:80:11)\\n    at process._tickDomainCallback (internal/process/next_tick.js:128:9)\"}","timestamp":"2017-07-03T14:42:41.629Z"}
{"level":"info","message":"[mb:2525] Adios - see you soon?","timestamp":"2017-07-03T14:44:35.342Z"}
